version https://git-lfs.github.com/spec/v1
oid sha256:a9e062c82f5d50cc413604593e431e34f1b9355e45629e24a9fd1b316dc965ae
size 6159437
